Filter: 1

Status--------source---range-----(filterSource--filterRange--filterTarget)------target---range---
+---------------------------------------------------------------------------------------------------+-----+-----+
|Filtered: 3127166940 109160474 --> (3154345676, 173914205, 3209251068) --> 3127166940 27178736     |24.9%|1.2% |
|Filtered: 3127166940 109160474 --> (3154345676, 173914205, 3209251068) --> 3209251068 81981738     |75.1%|3.7% |
+---------------------------------------------------------------------------------------------------+-----+-----+
|Filtered: 3265086325 86449584 --> (3328259881, 542896984, 1936948751) --> 3265086325 63173556      |73.1%|2.8% |
|Filtered: 3265086325 86449584 --> (3328259881, 542896984, 1936948751) --> 1936948751 23276028      |26.9%|1.0% |
+---------------------------------------------------------------------------------------------------+-----+-----+
|Filtered: 1581539098 205205726 --> (1786548802, 232453384, 931304316) --> 1581539098 205009704     |99.9%|9.2% |
|Filtered: 1581539098 205205726 --> (1786548802, 232453384, 931304316) --> 931304316 196022         |0.1% |0.0% |
+---------------------------------------------------------------------------------------------------+-----+-----+
|Filtered: 3646327835 184743451 --> (3328259881, 542896984, 1936948751) --> 2255016705 184743451    |100% |8.3% |
+---------------------------------------------------------------------------------------------------+-----+-----+
|Filtered: 2671979893 17148151 --> (2512159762, 204963884, 1731984867) --> 1891804998 17148151      |100% |0.8% |
+---------------------------------------------------------------------------------------------------+-----+-----+
|Filtered: 305618297 40401857 --> (147739714, 266329192, 496396007) --> 654274590 40401857          |100% |1.8% |
+---------------------------------------------------------------------------------------------------+-----+-----+
|Filtered: 2462071712 203075200 --> (2512159762, 204963884, 1731984867) --> 2462071712 50088050     |24.7%|2.3% |
|Filtered: 2462071712 203075200 --> (2512159762, 204963884, 1731984867) --> 1731984867 152987150    |75.3%|6.9% |
+---------------------------------------------------------------------------------------------------+-----+-----+
|Filtered: 358806266 131147346 --> (414068906, 18757377, 147739714) --> 358806266 55262640          |42.1%|2.5% |
|Filtered: 358806266 131147346 --> (414068906, 18757377, 147739714) --> 147739714 18757377          |14.3%|0.8% |
|Filtered: 358806266 131147346 --> (414068906, 18757377, 147739714) --> 432826283 57127329          |43.6%|2.6% |
+---------------------------------------------------------------------------------------------------+-----+-----+
|Filtered: 1802185716 538526744 --> (2322065235, 6421609, 3500539319) --> 1802185716 519879519      |96.5%|23.4%|
|Filtered: 1802185716 538526744 --> (2322065235, 6421609, 3500539319) --> 3500539319 6421609        |1.2% |0.3% |
|Filtered: 1802185716 538526744 --> (2322065235, 6421609, 3500539319) --> 2328486844 12225616       |2.3% |0.6% |
+---------------------------------------------------------------------------------------------------+-----+-----+
|Filtered: 635790399 705979250 --> (768672891, 39526579, 3169724489) --> 635790399 132882492        |18.8%|6.0% |
|Filtered: 635790399 705979250 --> (768672891, 39526579, 3169724489) --> 3169724489 39526579        |5.6% |1.8% |
|Filtered: 635790399 705979250 --> (768672891, 39526579, 3169724489) --> 808199470 533570179        |75.6%|24.0%|
+---------------------------------------------------------------------------------------------------+-----+-----+

Filter: 2

Status--------source---range-----(filterSource--filterRange--filterTarget)------target---range---
+---------------------------------------------------------------------------------------------------+-----+-----+
|Filtered: 3127166940 27178736 --> (2768963716, 548702670, 2080301587) --> 2438504811 27178736      |100% |1.2% |
+---------------------------------------------------------------------------------------------------+-----+-----+
|Filtered: 3209251068 81981738 --> (2768963716, 548702670, 2080301587) --> 2520588939 81981738      |100% |3.7% |
+---------------------------------------------------------------------------------------------------+-----+-----+
|Filtered: 3265086325 63173556 --> (3317666386, 126486602, 1867147432) --> 3265086325 52580061      |83.2%|2.4% |
|Filtered: 3265086325 63173556 --> (3317666386, 126486602, 1867147432) --> 1867147432 10593495      |16.8%|0.5% |
+---------------------------------------------------------------------------------------------------+-----+-----+
|Filtered: 1936948751 23276028 --> (1957912374, 8331289, 826425240) --> 1936948751 20963623         |90.1%|0.9% |
|Filtered: 1936948751 23276028 --> (1957912374, 8331289, 826425240) --> 826425240 2312405           |9.9% |0.1% |
+---------------------------------------------------------------------------------------------------+-----+-----+
|Filtered: 1581539098 205009704 --> (1530223690, 363808809, 3931158487) --> 3982473895 205009704    |100% |9.2% |
+---------------------------------------------------------------------------------------------------+-----+-----+
|Filtered: 931304316 196022 --> (826425240, 243745914, 3368312743) --> 3473191819 196022            |100% |0.0% |
+---------------------------------------------------------------------------------------------------+-----+-----+
|Filtered: 2255016705 184743451 --> (2186637247, 273584935, 3094727808) --> 3163107266 184743451    |100% |8.3% |
+---------------------------------------------------------------------------------------------------+-----+-----+
|Filtered: 1891804998 17148151 --> (1894032499, 63879875, 3020480207) --> 1891804998 2227501        |13.0%|0.1% |
|Filtered: 1891804998 17148151 --> (1894032499, 63879875, 3020480207) --> 3020480207 14920650       |87.0%|0.7% |
+---------------------------------------------------------------------------------------------------+-----+-----+
|Pass Through: 654274590 40401857 --> 654274590 40401857                                            |  x  |1.8% |
+---------------------------------------------------------------------------------------------------+-----+-----+
|Filtered: 2462071712 50088050 --> (2460222182, 131099318, 1219528662) --> 1221378192 50088050      |100% |2.3% |
+---------------------------------------------------------------------------------------------------+-----+-----+
|Filtered: 1731984867 152987150 --> (1530223690, 363808809, 3931158487) --> 4132919664 152987150    |100% |6.9% |
+---------------------------------------------------------------------------------------------------+-----+-----+
|Pass Through: 358806266 55262640 --> 358806266 55262640                                            |  x  |2.5% |
+---------------------------------------------------------------------------------------------------+-----+-----+
|Filtered: 147739714 18757377 --> (121779694, 127190647, 158099571) --> 184059591 18757377          |100% |0.8% |
+---------------------------------------------------------------------------------------------------+-----+-----+
|Pass Through: 432826283 57127329 --> 432826283 57127329                                            |  x  |2.6% |
+---------------------------------------------------------------------------------------------------+-----+-----+
|Filtered: 1802185716 519879519 --> (1894032499, 63879875, 3020480207) --> 1802185716 91846783      |17.7%|4.1% |
|Filtered: 1802185716 519879519 --> (1894032499, 63879875, 3020480207) --> 3020480207 63879875      |12.3%|2.9% |
|Filtered: 1802185716 519879519 --> (1894032499, 63879875, 3020480207) --> 1957912374 364152861     |70.0%|16.4%|
+---------------------------------------------------------------------------------------------------+-----+-----+
|Filtered: 3500539319 6421609 --> (3444152988, 238603483, 2629004257) --> 2685390588 6421609        |100% |0.3% |
+---------------------------------------------------------------------------------------------------+-----+-----+
|Filtered: 2328486844 12225616 --> (2186637247, 273584935, 3094727808) --> 3236577405 12225616      |100% |0.6% |
+---------------------------------------------------------------------------------------------------+-----+-----+
|Pass Through: 635790399 132882492 --> 635790399 132882492                                          |  x  |6.0% |
+---------------------------------------------------------------------------------------------------+-----+-----+
|Filtered: 3169724489 39526579 --> (2768963716, 548702670, 2080301587) --> 2481062360 39526579      |100% |1.8% |
+---------------------------------------------------------------------------------------------------+-----+-----+
|Filtered: 808199470 533570179 --> (826425240, 243745914, 3368312743) --> 808199470 18225770        |3.4% |0.8% |
|Filtered: 808199470 533570179 --> (826425240, 243745914, 3368312743) --> 3368312743 243745914      |45.7%|11.0%|
|Filtered: 808199470 533570179 --> (826425240, 243745914, 3368312743) --> 1070171154 271598495      |50.9%|12.2%|
+---------------------------------------------------------------------------------------------------+-----+-----+

Filter: 3

Status--------source---range-----(filterSource--filterRange--filterTarget)------target---range---
+---------------------------------------------------------------------------------------------------+-----+-----+
|Filtered: 2438504811 27178736 --> (2390203683, 158894869, 2392556323) --> 2440857451 27178736      |100% |1.2% |
+---------------------------------------------------------------------------------------------------+-----+-----+
|Filtered: 2520588939 81981738 --> (2574944960, 107826712, 58400970) --> 2520588939 54356021        |66.3%|2.4% |
|Filtered: 2520588939 81981738 --> (2574944960, 107826712, 58400970) --> 58400970 27625717          |33.7%|1.2% |
+---------------------------------------------------------------------------------------------------+-----+-----+
|Filtered: 3265086325 52580061 --> (3283950856, 159567774, 4057593930) --> 3265086325 18864531      |35.9%|0.8% |
|Filtered: 3265086325 52580061 --> (3283950856, 159567774, 4057593930) --> 4057593930 33715530      |64.1%|1.5% |
+---------------------------------------------------------------------------------------------------+-----+-----+
|Filtered: 1867147432 10593495 --> (1784556535, 189233423, 1577153434) --> 1659744331 10593495      |100% |0.5% |
+---------------------------------------------------------------------------------------------------+-----+-----+
|Filtered: 1936948751 20963623 --> (1784556535, 189233423, 1577153434) --> 1729545650 20963623      |100% |0.9% |
+---------------------------------------------------------------------------------------------------+-----+-----+
|Filtered: 826425240 2312405 --> (705931711, 328031436, 1926695368) --> 2047188897 2312405          |100% |0.1% |
+---------------------------------------------------------------------------------------------------+-----+-----+
|Filtered: 3982473895 205009704 --> (4065366707, 42793360, 3710426911) --> 3982473895 82892812      |40.4%|3.7% |
|Filtered: 3982473895 205009704 --> (4065366707, 42793360, 3710426911) --> 3710426911 42793360      |20.9%|1.9% |
|Filtered: 3982473895 205009704 --> (4065366707, 42793360, 3710426911) --> 4108160067 79323532      |38.7%|3.6% |
+---------------------------------------------------------------------------------------------------+-----+-----+
|Filtered: 3473191819 196022 --> (3443518630, 35127122, 4022466808) --> 4052139997 196022           |100% |0.0% |
+---------------------------------------------------------------------------------------------------+-----+-----+
|Filtered: 3163107266 184743451 --> (3283950856, 159567774, 4057593930) --> 3163107266 120843590    |65.4%|5.4% |
|Filtered: 3163107266 184743451 --> (3283950856, 159567774, 4057593930) --> 4057593930 63899861     |34.6%|2.9% |
+---------------------------------------------------------------------------------------------------+-----+-----+
|Filtered: 1891804998 2227501 --> (1784556535, 189233423, 1577153434) --> 1684401897 2227501        |100% |0.1% |
+---------------------------------------------------------------------------------------------------+-----+-----+
|Pass Through: 3020480207 14920650 --> 3020480207 14920650                                          |  x  |0.7% |
+---------------------------------------------------------------------------------------------------+-----+-----+
|Filtered: 654274590 40401857 --> (646203379, 59728332, 1389852409) --> 1397923620 40401857         |100% |1.8% |
+---------------------------------------------------------------------------------------------------+-----+-----+
|Filtered: 1221378192 50088050 --> (1261520342, 160308511, 1766386857) --> 1221378192 40142150      |80.1%|1.8% |
|Filtered: 1221378192 50088050 --> (1261520342, 160308511, 1766386857) --> 1766386857 9945900       |19.9%|0.4% |
+---------------------------------------------------------------------------------------------------+-----+-----+
|Filtered: 4132919664 152987150 --> (4274048011, 20919285, 4217161704) --> 4132919664 141128347     |92.2%|6.4% |
|Filtered: 4132919664 152987150 --> (4274048011, 20919285, 4217161704) --> 4217161704 11858803      |7.8% |0.5% |
+---------------------------------------------------------------------------------------------------+-----+-----+
|Filtered: 358806266 55262640 --> (310274559, 109862756, 499804857) --> 548336564 55262640          |100% |2.5% |
+---------------------------------------------------------------------------------------------------+-----+-----+
|Filtered: 184059591 18757377 --> (73659524, 196024324, 1193828085) --> 1304228152 18757377         |100% |0.8% |
+---------------------------------------------------------------------------------------------------+-----+-----+
|Filtered: 432826283 57127329 --> (420137315, 226066064, 225361874) --> 238050842 57127329          |100% |2.6% |
+---------------------------------------------------------------------------------------------------+-----+-----+
|Filtered: 1802185716 91846783 --> (1784556535, 189233423, 1577153434) --> 1594782615 91846783      |100% |4.1% |
+---------------------------------------------------------------------------------------------------+-----+-----+
|Filtered: 3020480207 63879875 --> (3061525238, 222425618, 3488001293) --> 3020480207 41045031      |64.3%|1.8% |
|Filtered: 3020480207 63879875 --> (3061525238, 222425618, 3488001293) --> 3488001293 22834844      |35.7%|1.0% |
+---------------------------------------------------------------------------------------------------+-----+-----+
|Filtered: 1957912374 364152861 --> (1973789958, 18543481, 206818393) --> 1957912374 15877584       |4.4% |0.7% |
|Filtered: 1957912374 364152861 --> (1973789958, 18543481, 206818393) --> 206818393 18543481        |5.1% |0.8% |
|Filtered: 1957912374 364152861 --> (1973789958, 18543481, 206818393) --> 1992333439 329731796      |90.5%|14.8%|
+---------------------------------------------------------------------------------------------------+-----+-----+
|Pass Through: 2685390588 6421609 --> 2685390588 6421609                                            |  x  |0.3% |
+---------------------------------------------------------------------------------------------------+-----+-----+
|Filtered: 3236577405 12225616 --> (3061525238, 222425618, 3488001293) --> 3663053460 12225616      |100% |0.6% |
+---------------------------------------------------------------------------------------------------+-----+-----+
|Filtered: 635790399 132882492 --> (705931711, 328031436, 1926695368) --> 635790399 70141312        |52.8%|3.2% |
|Filtered: 635790399 132882492 --> (705931711, 328031436, 1926695368) --> 1926695368 62741180       |47.2%|2.8% |
+---------------------------------------------------------------------------------------------------+-----+-----+
|Filtered: 2481062360 39526579 --> (2390203683, 158894869, 2392556323) --> 2483415000 39526579      |100% |1.8% |
+---------------------------------------------------------------------------------------------------+-----+-----+
|Filtered: 808199470 18225770 --> (705931711, 328031436, 1926695368) --> 2028963127 18225770        |100% |0.8% |
+---------------------------------------------------------------------------------------------------+-----+-----+
|Filtered: 3368312743 243745914 --> (3535532059, 426476055, 3061525238) --> 3368312743 167219316    |68.6%|7.5% |
|Filtered: 3368312743 243745914 --> (3535532059, 426476055, 3061525238) --> 3061525238 76526598     |31.4%|3.4% |
+---------------------------------------------------------------------------------------------------+-----+-----+
|Filtered: 1070171154 271598495 --> (1210970895, 50549447, 1449580741) --> 1070171154 140799741     |51.8%|6.3% |
|Filtered: 1070171154 271598495 --> (1210970895, 50549447, 1449580741) --> 1449580741 50549447      |18.6%|2.3% |
|Filtered: 1070171154 271598495 --> (1210970895, 50549447, 1449580741) --> 1261520342 80249307      |29.5%|3.6% |
+---------------------------------------------------------------------------------------------------+-----+-----+

Filter: 4

Status--------source---range-----(filterSource--filterRange--filterTarget)------target---range---
+---------------------------------------------------------------------------------------------------+-----+-----+
|Filtered: 2440857451 27178736 --> (2396063798, 245682603, 1045379343) --> 1090172996 27178736      |100% |1.2% |
+---------------------------------------------------------------------------------------------------+-----+-----+
|Filtered: 2520588939 54356021 --> (2396063798, 245682603, 1045379343) --> 1169904484 54356021      |100% |2.4% |
+---------------------------------------------------------------------------------------------------+-----+-----+
|Filtered: 58400970 27625717 --> (0, 764535859, 1833244152) --> 1891645122 27625717                 |100% |1.2% |
+---------------------------------------------------------------------------------------------------+-----+-----+
|Filtered: 3265086325 18864531 --> (2914685303, 488586806, 3322180377) --> 3672581399 18864531      |100% |0.8% |
+---------------------------------------------------------------------------------------------------+-----+-----+
|Filtered: 4057593930 33715530 --> (3712513349, 582453947, 2739726430) --> 3084807011 33715530      |100% |1.5% |
+---------------------------------------------------------------------------------------------------+-----+-----+
|Filtered: 1659744331 10593495 --> (1600446740, 163005122, 445686952) --> 504984543 10593495        |100% |0.5% |
+---------------------------------------------------------------------------------------------------+-----+-----+
|Filtered: 1729545650 20963623 --> (1600446740, 163005122, 445686952) --> 574785862 20963623        |100% |0.9% |
+---------------------------------------------------------------------------------------------------+-----+-----+
|Filtered: 2047188897 2312405 --> (1920724686, 212138399, 0) --> 126464211 2312405                  |100% |0.1% |
+---------------------------------------------------------------------------------------------------+-----+-----+
|Filtered: 3982473895 82892812 --> (3712513349, 582453947, 2739726430) --> 3009686976 82892812      |100% |3.7% |
+---------------------------------------------------------------------------------------------------+-----+-----+
|Filtered: 3710426911 42793360 --> (3712513349, 582453947, 2739726430) --> 3710426911 2086438       |4.9% |0.1% |
|Filtered: 3710426911 42793360 --> (3712513349, 582453947, 2739726430) --> 2739726430 40706922      |95.1%|1.8% |
+---------------------------------------------------------------------------------------------------+-----+-----+
|Filtered: 4108160067 79323532 --> (3712513349, 582453947, 2739726430) --> 3135373148 79323532      |100% |3.6% |
+---------------------------------------------------------------------------------------------------+-----+-----+
|Filtered: 4052139997 196022 --> (3712513349, 582453947, 2739726430) --> 3079353078 196022          |100% |0.0% |
+---------------------------------------------------------------------------------------------------+-----+-----+
|Filtered: 3163107266 120843590 --> (2914685303, 488586806, 3322180377) --> 3570602340 120843590    |100% |5.4% |
+---------------------------------------------------------------------------------------------------+-----+-----+
|Filtered: 4057593930 63899861 --> (3712513349, 582453947, 2739726430) --> 3084807011 63899861      |100% |2.9% |
+---------------------------------------------------------------------------------------------------+-----+-----+
|Filtered: 1684401897 2227501 --> (1600446740, 163005122, 445686952) --> 529642109 2227501          |100% |0.1% |
+---------------------------------------------------------------------------------------------------+-----+-----+
|Filtered: 3020480207 14920650 --> (2914685303, 488586806, 3322180377) --> 3427975281 14920650      |100% |0.7% |
+---------------------------------------------------------------------------------------------------+-----+-----+
|Filtered: 1397923620 40401857 --> (1237176557, 244191789, 794563824) --> 955310887 40401857        |100% |1.8% |
+---------------------------------------------------------------------------------------------------+-----+-----+
|Filtered: 1221378192 40142150 --> (1237176557, 244191789, 794563824) --> 1221378192 15798365       |39.4%|0.7% |
|Filtered: 1221378192 40142150 --> (1237176557, 244191789, 794563824) --> 794563824 24343785        |60.6%|1.1% |
+---------------------------------------------------------------------------------------------------+-----+-----+
|Filtered: 1766386857 9945900 --> (1770075592, 150649094, 1291061946) --> 1766386857 3688735        |37.1%|0.2% |
|Filtered: 1766386857 9945900 --> (1770075592, 150649094, 1291061946) --> 1291061946 6257165        |62.9%|0.3% |
+---------------------------------------------------------------------------------------------------+-----+-----+
|Filtered: 4132919664 141128347 --> (3712513349, 582453947, 2739726430) --> 3160132745 141128347    |100% |6.4% |
+---------------------------------------------------------------------------------------------------+-----+-----+
|Filtered: 4217161704 11858803 --> (3712513349, 582453947, 2739726430) --> 3244374785 11858803      |100% |0.5% |
+---------------------------------------------------------------------------------------------------+-----+-----+
|Filtered: 548336564 55262640 --> (0, 764535859, 1833244152) --> 2381580716 55262640                |100% |2.5% |
+---------------------------------------------------------------------------------------------------+-----+-----+
|Filtered: 1304228152 18757377 --> (1237176557, 244191789, 794563824) --> 861615419 18757377        |100% |0.8% |
+---------------------------------------------------------------------------------------------------+-----+-----+
|Filtered: 238050842 57127329 --> (0, 764535859, 1833244152) --> 2071294994 57127329                |100% |2.6% |
+---------------------------------------------------------------------------------------------------+-----+-----+
|Filtered: 1594782615 91846783 --> (1600446740, 163005122, 445686952) --> 1594782615 5664125        |6.2% |0.3% |
|Filtered: 1594782615 91846783 --> (1600446740, 163005122, 445686952) --> 445686952 86182658        |93.8%|3.9% |
+---------------------------------------------------------------------------------------------------+-----+-----+
|Filtered: 3020480207 41045031 --> (2914685303, 488586806, 3322180377) --> 3427975281 41045031      |100% |1.8% |
+---------------------------------------------------------------------------------------------------+-----+-----+
|Filtered: 3488001293 22834844 --> (3403272109, 186068531, 3994565455) --> 4079294639 22834844      |100% |1.0% |
+---------------------------------------------------------------------------------------------------+-----+-----+
|Filtered: 1957912374 15877584 --> (1920724686, 212138399, 0) --> 37187688 15877584                 |100% |0.7% |
+---------------------------------------------------------------------------------------------------+-----+-----+
|Filtered: 206818393 18543481 --> (0, 764535859, 1833244152) --> 2040062545 18543481                |100% |0.8% |
+---------------------------------------------------------------------------------------------------+-----+-----+
|Filtered: 1992333439 329731796 --> (2132863085, 224047237, 212138399) --> 1992333439 140529646     |42.6%|6.3% |
|Filtered: 1992333439 329731796 --> (2132863085, 224047237, 212138399) --> 212138399 189202150      |57.4%|8.5% |
+---------------------------------------------------------------------------------------------------+-----+-----+
|Pass Through: 2685390588 6421609 --> 2685390588 6421609                                            |  x  |0.3% |
+---------------------------------------------------------------------------------------------------+-----+-----+
|Filtered: 3663053460 12225616 --> (3598180039, 114333310, 4180633986) --> 4245507407 12225616      |100% |0.6% |
+---------------------------------------------------------------------------------------------------+-----+-----+
|Filtered: 635790399 70141312 --> (0, 764535859, 1833244152) --> 2469034551 70141312                |100% |3.2% |
+---------------------------------------------------------------------------------------------------+-----+-----+
|Filtered: 1926695368 62741180 --> (1920724686, 212138399, 0) --> 5970682 62741180                  |100% |2.8% |
+---------------------------------------------------------------------------------------------------+-----+-----+
|Filtered: 2483415000 39526579 --> (2396063798, 245682603, 1045379343) --> 1132730545 39526579      |100% |1.8% |
+---------------------------------------------------------------------------------------------------+-----+-----+
|Filtered: 2028963127 18225770 --> (1920724686, 212138399, 0) --> 108238441 18225770                |100% |0.8% |
+---------------------------------------------------------------------------------------------------+-----+-----+
|Filtered: 3368312743 167219316 --> (3403272109, 186068531, 3994565455) --> 3368312743 34959366     |20.9%|1.6% |
|Filtered: 3368312743 167219316 --> (3403272109, 186068531, 3994565455) --> 3994565455 132259950    |79.1%|6.0% |
+---------------------------------------------------------------------------------------------------+-----+-----+
|Filtered: 3061525238 76526598 --> (2914685303, 488586806, 3322180377) --> 3469020312 76526598      |100% |3.4% |
+---------------------------------------------------------------------------------------------------+-----+-----+
|Filtered: 1070171154 140799741 --> (1190805596, 46370961, 621886817) --> 1070171154 120634442      |85.7%|5.4% |
|Filtered: 1070171154 140799741 --> (1190805596, 46370961, 621886817) --> 621886817 20165299        |14.3%|0.9% |
+---------------------------------------------------------------------------------------------------+-----+-----+
|Filtered: 1449580741 50549447 --> (1490869662, 54307168, 740256656) --> 1449580741 41288921        |81.7%|1.9% |
|Filtered: 1449580741 50549447 --> (1490869662, 54307168, 740256656) --> 740256656 9260526          |18.3%|0.4% |
+---------------------------------------------------------------------------------------------------+-----+-----+
|Filtered: 1261520342 80249307 --> (1237176557, 244191789, 794563824) --> 818907609 80249307        |100% |3.6% |
+---------------------------------------------------------------------------------------------------+-----+-----+

Filter: 5

Status--------source---range-----(filterSource--filterRange--filterTarget)------target---range---
+---------------------------------------------------------------------------------------------------+-----+-----+
|Filtered: 1090172996 27178736 --> (0, 1268486741, 1509606016) --> 2599779012 27178736              |100% |1.2% |
+---------------------------------------------------------------------------------------------------+-----+-----+
|Filtered: 1169904484 54356021 --> (0, 1268486741, 1509606016) --> 2679510500 54356021              |100% |2.4% |
+---------------------------------------------------------------------------------------------------+-----+-----+
|Filtered: 1891645122 27625717 --> (1808659179, 409098954, 3096011130) --> 3178997073 27625717      |100% |1.2% |
+---------------------------------------------------------------------------------------------------+-----+-----+
|Filtered: 3672581399 18864531 --> (3633445065, 152686243, 2866648907) --> 2905785241 18864531      |100% |0.8% |
+---------------------------------------------------------------------------------------------------+-----+-----+
|Filtered: 3084807011 33715530 --> (2837492192, 299739845, 1048253979) --> 1295568798 33715530      |100% |1.5% |
+---------------------------------------------------------------------------------------------------+-----+-----+
|Filtered: 504984543 10593495 --> (0, 1268486741, 1509606016) --> 2014590559 10593495               |100% |0.5% |
+---------------------------------------------------------------------------------------------------+-----+-----+
|Filtered: 574785862 20963623 --> (0, 1268486741, 1509606016) --> 2084391878 20963623               |100% |0.9% |
+---------------------------------------------------------------------------------------------------+-----+-----+
|Filtered: 126464211 2312405 --> (0, 1268486741, 1509606016) --> 1636070227 2312405                 |100% |0.1% |
+---------------------------------------------------------------------------------------------------+-----+-----+
|Filtered: 3009686976 82892812 --> (2837492192, 299739845, 1048253979) --> 1220448763 82892812      |100% |3.7% |
+---------------------------------------------------------------------------------------------------+-----+-----+
|Filtered: 3710426911 2086438 --> (3633445065, 152686243, 2866648907) --> 2943630753 2086438        |100% |0.1% |
+---------------------------------------------------------------------------------------------------+-----+-----+
|Filtered: 2739726430 40706922 --> (2675880000, 161612192, 1347993824) --> 1411840254 40706922      |100% |1.8% |
+---------------------------------------------------------------------------------------------------+-----+-----+
|Filtered: 3135373148 79323532 --> (3199760974, 76675980, 3019335150) --> 3135373148 64387826       |81.2%|2.9% |
|Filtered: 3135373148 79323532 --> (3199760974, 76675980, 3019335150) --> 3019335150 14935706       |18.8%|0.7% |
+---------------------------------------------------------------------------------------------------+-----+-----+
|Filtered: 3079353078 196022 --> (2837492192, 299739845, 1048253979) --> 1290114865 196022          |100% |0.0% |
+---------------------------------------------------------------------------------------------------+-----+-----+
|Filtered: 3570602340 120843590 --> (3633445065, 152686243, 2866648907) --> 3570602340 62842725     |52.0%|2.8% |
|Filtered: 3570602340 120843590 --> (3633445065, 152686243, 2866648907) --> 2866648907 58000865     |48.0%|2.6% |
+---------------------------------------------------------------------------------------------------+-----+-----+
|Filtered: 3084807011 63899861 --> (3137232037, 62528937, 3555052886) --> 3084807011 52425026       |82.0%|2.4% |
|Filtered: 3084807011 63899861 --> (3137232037, 62528937, 3555052886) --> 3555052886 11474835       |18.0%|0.5% |
+---------------------------------------------------------------------------------------------------+-----+-----+
|Filtered: 529642109 2227501 --> (0, 1268486741, 1509606016) --> 2039248125 2227501                 |100% |0.1% |
+---------------------------------------------------------------------------------------------------+-----+-----+
|Filtered: 3427975281 14920650 --> (3276436954, 357008111, 3617581823) --> 3769120150 14920650      |100% |0.7% |
+---------------------------------------------------------------------------------------------------+-----+-----+
|Filtered: 955310887 40401857 --> (0, 1268486741, 1509606016) --> 2464916903 40401857               |100% |1.8% |
+---------------------------------------------------------------------------------------------------+-----+-----+
|Filtered: 1221378192 15798365 --> (0, 1268486741, 1509606016) --> 2730984208 15798365              |100% |0.7% |
+---------------------------------------------------------------------------------------------------+-----+-----+
|Filtered: 794563824 24343785 --> (0, 1268486741, 1509606016) --> 2304169840 24343785               |100% |1.1% |
+---------------------------------------------------------------------------------------------------+-----+-----+
|Filtered: 1766386857 3688735 --> (1720103029, 88556150, 2778092757) --> 2824376585 3688735         |100% |0.2% |
+---------------------------------------------------------------------------------------------------+-----+-----+
|Filtered: 1291061946 6257165 --> (1287961387, 432141642, 0) --> 3100559 6257165                    |100% |0.3% |
+---------------------------------------------------------------------------------------------------+-----+-----+
|Filtered: 3160132745 141128347 --> (3276436954, 357008111, 3617581823) --> 3160132745 116304209    |82.4%|5.2% |
|Filtered: 3160132745 141128347 --> (3276436954, 357008111, 3617581823) --> 3617581823 24824138     |17.6%|1.1% |
+---------------------------------------------------------------------------------------------------+-----+-----+
|Filtered: 3244374785 11858803 --> (3199760974, 76675980, 3019335150) --> 3063948961 11858803       |100% |0.5% |
+---------------------------------------------------------------------------------------------------+-----+-----+
|Filtered: 2381580716 55262640 --> (2217758133, 458121867, 451616288) --> 615438871 55262640        |100% |2.5% |
+---------------------------------------------------------------------------------------------------+-----+-----+
|Filtered: 861615419 18757377 --> (0, 1268486741, 1509606016) --> 2371221435 18757377               |100% |0.8% |
+---------------------------------------------------------------------------------------------------+-----+-----+
|Filtered: 2071294994 57127329 --> (1808659179, 409098954, 3096011130) --> 3358646945 57127329      |100% |2.6% |
+---------------------------------------------------------------------------------------------------+-----+-----+
|Filtered: 1594782615 5664125 --> (1287961387, 432141642, 0) --> 306821228 5664125                  |100% |0.3% |
+---------------------------------------------------------------------------------------------------+-----+-----+
|Filtered: 445686952 86182658 --> (0, 1268486741, 1509606016) --> 1955292968 86182658               |100% |3.9% |
+---------------------------------------------------------------------------------------------------+-----+-----+
|Filtered: 3427975281 41045031 --> (3276436954, 357008111, 3617581823) --> 3769120150 41045031      |100% |1.8% |
+---------------------------------------------------------------------------------------------------+-----+-----+
|Pass Through: 4079294639 22834844 --> 4079294639 22834844                                          |  x  |1.0% |
+---------------------------------------------------------------------------------------------------+-----+-----+
|Filtered: 37187688 15877584 --> (0, 1268486741, 1509606016) --> 1546793704 15877584                |100% |0.7% |
+---------------------------------------------------------------------------------------------------+-----+-----+
|Filtered: 2040062545 18543481 --> (1808659179, 409098954, 3096011130) --> 3327414496 18543481      |100% |0.8% |
+---------------------------------------------------------------------------------------------------+-----+-----+
|Filtered: 1992333439 140529646 --> (1808659179, 409098954, 3096011130) --> 3279685390 140529646    |100% |6.3% |
+---------------------------------------------------------------------------------------------------+-----+-----+
|Filtered: 212138399 189202150 --> (0, 1268486741, 1509606016) --> 1721744415 189202150             |100% |8.5% |
+---------------------------------------------------------------------------------------------------+-----+-----+
|Filtered: 2685390588 6421609 --> (2675880000, 161612192, 1347993824) --> 1357504412 6421609        |100% |0.3% |
+---------------------------------------------------------------------------------------------------+-----+-----+
|Pass Through: 4245507407 12225616 --> 4245507407 12225616                                          |  x  |0.6% |
+---------------------------------------------------------------------------------------------------+-----+-----+
|Filtered: 2469034551 70141312 --> (2217758133, 458121867, 451616288) --> 702892706 70141312        |100% |3.2% |
+---------------------------------------------------------------------------------------------------+-----+-----+
|Filtered: 5970682 62741180 --> (0, 1268486741, 1509606016) --> 1515576698 62741180                 |100% |2.8% |
+---------------------------------------------------------------------------------------------------+-----+-----+
|Filtered: 1132730545 39526579 --> (0, 1268486741, 1509606016) --> 2642336561 39526579              |100% |1.8% |
+---------------------------------------------------------------------------------------------------+-----+-----+
|Filtered: 108238441 18225770 --> (0, 1268486741, 1509606016) --> 1617844457 18225770               |100% |0.8% |
+---------------------------------------------------------------------------------------------------+-----+-----+
|Filtered: 3368312743 34959366 --> (3276436954, 357008111, 3617581823) --> 3709457612 34959366      |100% |1.6% |
+---------------------------------------------------------------------------------------------------+-----+-----+
|Pass Through: 3994565455 132259950 --> 3994565455 132259950                                        |  x  |6.0% |
+---------------------------------------------------------------------------------------------------+-----+-----+
|Filtered: 3469020312 76526598 --> (3276436954, 357008111, 3617581823) --> 3810165181 76526598      |100% |3.4% |
+---------------------------------------------------------------------------------------------------+-----+-----+
|Filtered: 1070171154 120634442 --> (0, 1268486741, 1509606016) --> 2579777170 120634442            |100% |5.4% |
+---------------------------------------------------------------------------------------------------+-----+-----+
|Filtered: 621886817 20165299 --> (0, 1268486741, 1509606016) --> 2131492833 20165299               |100% |0.9% |
+---------------------------------------------------------------------------------------------------+-----+-----+
|Filtered: 1449580741 41288921 --> (1287961387, 432141642, 0) --> 161619354 41288921                |100% |1.9% |
+---------------------------------------------------------------------------------------------------+-----+-----+
|Filtered: 740256656 9260526 --> (0, 1268486741, 1509606016) --> 2249862672 9260526                 |100% |0.4% |
+---------------------------------------------------------------------------------------------------+-----+-----+
|Filtered: 818907609 80249307 --> (0, 1268486741, 1509606016) --> 2328513625 80249307               |100% |3.6% |
+---------------------------------------------------------------------------------------------------+-----+-----+

Filter: 6

Status--------source---range-----(filterSource--filterRange--filterTarget)------target---range---
+---------------------------------------------------------------------------------------------------+-----+-----+
|Filtered: 2599779012 27178736 --> (2309574666, 338694332, 3032992830) --> 3323197176 27178736      |100% |1.2% |
+---------------------------------------------------------------------------------------------------+-----+-----+
|Filtered: 2679510500 54356021 --> (2663455233, 326955401, 3371687162) --> 3387742429 54356021      |100% |2.4% |
+---------------------------------------------------------------------------------------------------+-----+-----+
|Filtered: 3178997073 27625717 --> (3055179755, 250405755, 3720104770) --> 3843922088 27625717      |100% |1.2% |
+---------------------------------------------------------------------------------------------------+-----+-----+
|Filtered: 2905785241 18864531 --> (2663455233, 326955401, 3371687162) --> 3614017170 18864531      |100% |0.8% |
+---------------------------------------------------------------------------------------------------+-----+-----+
|Filtered: 1295568798 33715530 --> (972432123, 414471752, 232257988) --> 555394663 33715530         |100% |1.5% |
+---------------------------------------------------------------------------------------------------+-----+-----+
|Filtered: 2014590559 10593495 --> (1519504972, 559297346, 646729740) --> 1141815327 10593495       |100% |0.5% |
+---------------------------------------------------------------------------------------------------+-----+-----+
|Filtered: 2084391878 20963623 --> (2085666761, 36880219, 2681128862) --> 2084391878 1274883        |6.1% |0.1% |
|Filtered: 2084391878 20963623 --> (2085666761, 36880219, 2681128862) --> 2681128862 19688740       |93.9%|0.9% |
+---------------------------------------------------------------------------------------------------+-----+-----+
|Filtered: 1636070227 2312405 --> (1519504972, 559297346, 646729740) --> 763294995 2312405          |100% |0.1% |
+---------------------------------------------------------------------------------------------------+-----+-----+
|Filtered: 1220448763 82892812 --> (972432123, 414471752, 232257988) --> 480274628 82892812         |100% |3.7% |
+---------------------------------------------------------------------------------------------------+-----+-----+
|Filtered: 2943630753 2086438 --> (2663455233, 326955401, 3371687162) --> 3651862682 2086438        |100% |0.1% |
+---------------------------------------------------------------------------------------------------+-----+-----+
|Filtered: 1411840254 40706922 --> (1386903875, 128898976, 2148980475) --> 2173916854 40706922      |100% |1.8% |
+---------------------------------------------------------------------------------------------------+-----+-----+
|Filtered: 3135373148 64387826 --> (3055179755, 250405755, 3720104770) --> 3800298163 64387826      |100% |2.9% |
+---------------------------------------------------------------------------------------------------+-----+-----+
|Filtered: 3019335150 14935706 --> (2990410634, 44298872, 1894539176) --> 1923463692 14935706       |100% |0.7% |
+---------------------------------------------------------------------------------------------------+-----+-----+
|Filtered: 1290114865 196022 --> (972432123, 414471752, 232257988) --> 549940730 196022             |100% |0.0% |
+---------------------------------------------------------------------------------------------------+-----+-----+
|Filtered: 3570602340 62842725 --> (3599611328, 101532389, 2392568787) --> 3570602340 29008988      |46.2%|1.3% |
|Filtered: 3570602340 62842725 --> (3599611328, 101532389, 2392568787) --> 2392568787 33833737      |53.8%|1.5% |
+---------------------------------------------------------------------------------------------------+-----+-----+
|Filtered: 2866648907 58000865 --> (2663455233, 326955401, 3371687162) --> 3574880836 58000865      |100% |2.6% |
+---------------------------------------------------------------------------------------------------+-----+-----+
|Filtered: 3084807011 52425026 --> (3055179755, 250405755, 3720104770) --> 3749732026 52425026      |100% |2.4% |
+---------------------------------------------------------------------------------------------------+-----+-----+
|Filtered: 3555052886 11474835 --> (3445011596, 154599732, 1617752810) --> 1727794100 11474835      |100% |0.5% |
+---------------------------------------------------------------------------------------------------+-----+-----+
|Filtered: 2039248125 2227501 --> (1519504972, 559297346, 646729740) --> 1166472893 2227501         |100% |0.1% |
+---------------------------------------------------------------------------------------------------+-----+-----+
|Filtered: 3769120150 14920650 --> (3703499740, 147415518, 1208383109) --> 1274003519 14920650      |100% |0.7% |
+---------------------------------------------------------------------------------------------------+-----+-----+
|Filtered: 2464916903 40401857 --> (2309574666, 338694332, 3032992830) --> 3188335067 40401857      |100% |1.8% |
+---------------------------------------------------------------------------------------------------+-----+-----+
|Filtered: 2730984208 15798365 --> (2663455233, 326955401, 3371687162) --> 3439216137 15798365      |100% |0.7% |
+---------------------------------------------------------------------------------------------------+-----+-----+
|Filtered: 2304169840 24343785 --> (2309574666, 338694332, 3032992830) --> 2304169840 5404826       |22.2%|0.2% |
|Filtered: 2304169840 24343785 --> (2309574666, 338694332, 3032992830) --> 3032992830 18938959      |77.8%|0.9% |
+---------------------------------------------------------------------------------------------------+-----+-----+
|Filtered: 2824376585 3688735 --> (2663455233, 326955401, 3371687162) --> 3532608514 3688735        |100% |0.2% |
+---------------------------------------------------------------------------------------------------+-----+-----+
|Pass Through: 3100559 6257165 --> 3100559 6257165                                                  |  x  |0.3% |
+---------------------------------------------------------------------------------------------------+-----+-----+
|Filtered: 3160132745 116304209 --> (3055179755, 250405755, 3720104770) --> 3825057760 116304209    |100% |5.2% |
+---------------------------------------------------------------------------------------------------+-----+-----+
|Filtered: 3617581823 24824138 --> (3599611328, 101532389, 2392568787) --> 2410539282 24824138      |100% |1.1% |
+---------------------------------------------------------------------------------------------------+-----+-----+
|Filtered: 3063948961 11858803 --> (3055179755, 250405755, 3720104770) --> 3728873976 11858803      |100% |0.5% |
+---------------------------------------------------------------------------------------------------+-----+-----+
|Filtered: 615438871 55262640 --> (581475723, 314983749, 2718009081) --> 2751972229 55262640        |100% |2.5% |
+---------------------------------------------------------------------------------------------------+-----+-----+
|Filtered: 2371221435 18757377 --> (2309574666, 338694332, 3032992830) --> 3094639599 18757377      |100% |0.8% |
+---------------------------------------------------------------------------------------------------+-----+-----+
|Filtered: 3358646945 57127329 --> (3305585510, 139426086, 4155541210) --> 4208602645 57127329      |100% |2.6% |
+---------------------------------------------------------------------------------------------------+-----+-----+
|Filtered: 306821228 5664125 --> (278205785, 108711195, 2277879451) --> 2306494894 5664125          |100% |0.3% |
+---------------------------------------------------------------------------------------------------+-----+-----+
|Filtered: 1955292968 86182658 --> (1519504972, 559297346, 646729740) --> 1082517736 86182658       |100% |3.9% |
+---------------------------------------------------------------------------------------------------+-----+-----+
|Filtered: 3769120150 41045031 --> (3703499740, 147415518, 1208383109) --> 1274003519 41045031      |100% |1.8% |
+---------------------------------------------------------------------------------------------------+-----+-----+
|Filtered: 4079294639 22834844 --> (4053129082, 69974785, 4070380190) --> 4096545747 22834844       |100% |1.0% |
+---------------------------------------------------------------------------------------------------+-----+-----+
|Filtered: 1546793704 15877584 --> (1519504972, 559297346, 646729740) --> 674018472 15877584        |100% |0.7% |
+---------------------------------------------------------------------------------------------------+-----+-----+
|Filtered: 3327414496 18543481 --> (3305585510, 139426086, 4155541210) --> 4177370196 18543481      |100% |0.8% |
+---------------------------------------------------------------------------------------------------+-----+-----+
|Filtered: 3279685390 140529646 --> (3305585510, 139426086, 4155541210) --> 3279685390 25900120     |18.4%|1.2% |
|Filtered: 3279685390 140529646 --> (3305585510, 139426086, 4155541210) --> 4155541210 114629526    |81.6%|5.2% |
+---------------------------------------------------------------------------------------------------+-----+-----+
|Filtered: 1721744415 189202150 --> (1519504972, 559297346, 646729740) --> 848969183 189202150      |100% |8.5% |
+---------------------------------------------------------------------------------------------------+-----+-----+
|Filtered: 1357504412 6421609 --> (972432123, 414471752, 232257988) --> 617330277 6421609           |100% |0.3% |
+---------------------------------------------------------------------------------------------------+-----+-----+
|Filtered: 4245507407 12225616 --> (4129082008, 165885288, 1983095187) --> 2099520586 12225616      |100% |0.6% |
+---------------------------------------------------------------------------------------------------+-----+-----+
|Filtered: 702892706 70141312 --> (581475723, 314983749, 2718009081) --> 2839426064 70141312        |100% |3.2% |
+---------------------------------------------------------------------------------------------------+-----+-----+
|Filtered: 1515576698 62741180 --> (1519504972, 559297346, 646729740) --> 1515576698 3928274        |6.3% |0.2% |
|Filtered: 1515576698 62741180 --> (1519504972, 559297346, 646729740) --> 646729740 58812906        |93.7%|2.6% |
+---------------------------------------------------------------------------------------------------+-----+-----+
|Filtered: 2642336561 39526579 --> (2663455233, 326955401, 3371687162) --> 2642336561 21118672      |53.4%|1.0% |
|Filtered: 2642336561 39526579 --> (2663455233, 326955401, 3371687162) --> 3371687162 18407907      |46.6%|0.8% |
+---------------------------------------------------------------------------------------------------+-----+-----+
|Filtered: 1617844457 18225770 --> (1519504972, 559297346, 646729740) --> 745069225 18225770        |100% |0.8% |
+---------------------------------------------------------------------------------------------------+-----+-----+
|Filtered: 3709457612 34959366 --> (3703499740, 147415518, 1208383109) --> 1214340981 34959366      |100% |1.6% |
+---------------------------------------------------------------------------------------------------+-----+-----+
|Filtered: 3994565455 132259950 --> (4053129082, 69974785, 4070380190) --> 3994565455 58563627      |44.3%|2.6% |
|Filtered: 3994565455 132259950 --> (4053129082, 69974785, 4070380190) --> 4070380190 69974785      |52.9%|3.1% |
|Filtered: 3994565455 132259950 --> (4053129082, 69974785, 4070380190) --> 4123103867 3721538       |2.8% |0.2% |
+---------------------------------------------------------------------------------------------------+-----+-----+
|Filtered: 3810165181 76526598 --> (3850915258, 202213824, 1355798627) --> 3810165181 40750077      |53.2%|1.8% |
|Filtered: 3810165181 76526598 --> (3850915258, 202213824, 1355798627) --> 1355798627 35776521      |46.8%|1.6% |
+---------------------------------------------------------------------------------------------------+-----+-----+
|Filtered: 2579777170 120634442 --> (2663455233, 326955401, 3371687162) --> 2579777170 83678063     |69.4%|3.8% |
|Filtered: 2579777170 120634442 --> (2663455233, 326955401, 3371687162) --> 3371687162 36956379     |30.6%|1.7% |
+---------------------------------------------------------------------------------------------------+-----+-----+
|Filtered: 2131492833 20165299 --> (2122546980, 187027686, 2494101176) --> 2503047029 20165299      |100% |0.9% |
+---------------------------------------------------------------------------------------------------+-----+-----+
|Filtered: 161619354 41288921 --> (132298732, 118748956, 1775790220) --> 1805110842 41288921        |100% |1.9% |
+---------------------------------------------------------------------------------------------------+-----+-----+
|Filtered: 2249862672 9260526 --> (2122546980, 187027686, 2494101176) --> 2621416868 9260526        |100% |0.4% |
+---------------------------------------------------------------------------------------------------+-----+-----+
|Filtered: 2328513625 80249307 --> (2309574666, 338694332, 3032992830) --> 3051931789 80249307      |100% |3.6% |
+---------------------------------------------------------------------------------------------------+-----+-----+

Filter: 7

Status--------source---range-----(filterSource--filterRange--filterTarget)------target---range---
+---------------------------------------------------------------------------------------------------+-----+-----+
|Filtered: 3323197176 27178736 --> (3291885426, 744594309, 3534582689) --> 3565894439 27178736      |100% |1.2% |
+---------------------------------------------------------------------------------------------------+-----+-----+
|Filtered: 3387742429 54356021 --> (3291885426, 744594309, 3534582689) --> 3630439692 54356021      |100% |2.4% |
+---------------------------------------------------------------------------------------------------+-----+-----+
|Filtered: 3843922088 27625717 --> (3291885426, 744594309, 3534582689) --> 4086619351 27625717      |100% |1.2% |
+---------------------------------------------------------------------------------------------------+-----+-----+
|Filtered: 3614017170 18864531 --> (3291885426, 744594309, 3534582689) --> 3856714433 18864531      |100% |0.8% |
+---------------------------------------------------------------------------------------------------+-----+-----+
|Pass Through: 555394663 33715530 --> 555394663 33715530                                            |  x  |1.5% |
+---------------------------------------------------------------------------------------------------+-----+-----+
|Filtered: 1141815327 10593495 --> (1066906431, 997850887, 1916997152) --> 1991906048 10593495      |100% |0.5% |
+---------------------------------------------------------------------------------------------------+-----+-----+
|Filtered: 2084391878 1274883 --> (2075729027, 14826879, 3519755810) --> 3528418661 1274883         |100% |0.1% |
+---------------------------------------------------------------------------------------------------+-----+-----+
|Filtered: 2681128862 19688740 --> (2592805068, 227142284, 991107629) --> 1079431423 19688740       |100% |0.9% |
+---------------------------------------------------------------------------------------------------+-----+-----+
|Filtered: 763294995 2312405 --> (701865175, 365041256, 606585628) --> 668015448 2312405            |100% |0.1% |
+---------------------------------------------------------------------------------------------------+-----+-----+
|Pass Through: 480274628 82892812 --> 480274628 82892812                                            |  x  |3.7% |
+---------------------------------------------------------------------------------------------------+-----+-----+
|Filtered: 3651862682 2086438 --> (3291885426, 744594309, 3534582689) --> 3894559945 2086438        |100% |0.1% |
+---------------------------------------------------------------------------------------------------+-----+-----+
|Filtered: 2173916854 40706922 --> (2090555906, 502249162, 1218249913) --> 1301610861 40706922      |100% |1.8% |
+---------------------------------------------------------------------------------------------------+-----+-----+
|Filtered: 3800298163 64387826 --> (3291885426, 744594309, 3534582689) --> 4042995426 64387826      |100% |2.9% |
+---------------------------------------------------------------------------------------------------+-----+-----+
|Filtered: 1923463692 14935706 --> (1066906431, 997850887, 1916997152) --> 2773554413 14935706      |100% |0.7% |
+---------------------------------------------------------------------------------------------------+-----+-----+
|Pass Through: 549940730 196022 --> 549940730 196022                                                |  x  |0.0% |
+---------------------------------------------------------------------------------------------------+-----+-----+
|Filtered: 3570602340 29008988 --> (3291885426, 744594309, 3534582689) --> 3813299603 29008988      |100% |1.3% |
+---------------------------------------------------------------------------------------------------+-----+-----+
|Filtered: 2392568787 33833737 --> (2090555906, 502249162, 1218249913) --> 1520262794 33833737      |100% |1.5% |
+---------------------------------------------------------------------------------------------------+-----+-----+
|Filtered: 3574880836 58000865 --> (3291885426, 744594309, 3534582689) --> 3817578099 58000865      |100% |2.6% |
+---------------------------------------------------------------------------------------------------+-----+-----+
|Filtered: 3749732026 52425026 --> (3291885426, 744594309, 3534582689) --> 3992429289 52425026      |100% |2.4% |
+---------------------------------------------------------------------------------------------------+-----+-----+
|Filtered: 1727794100 11474835 --> (1066906431, 997850887, 1916997152) --> 2577884821 11474835      |100% |0.5% |
+---------------------------------------------------------------------------------------------------+-----+-----+
|Filtered: 1166472893 2227501 --> (1066906431, 997850887, 1916997152) --> 2016563614 2227501        |100% |0.1% |
+---------------------------------------------------------------------------------------------------+-----+-----+
|Filtered: 1274003519 14920650 --> (1066906431, 997850887, 1916997152) --> 2124094240 14920650      |100% |0.7% |
+---------------------------------------------------------------------------------------------------+-----+-----+
|Filtered: 3188335067 40401857 --> (3127697629, 164187797, 1752809355) --> 1813446793 40401857      |100% |1.8% |
+---------------------------------------------------------------------------------------------------+-----+-----+
|Filtered: 3439216137 15798365 --> (3291885426, 744594309, 3534582689) --> 3681913400 15798365      |100% |0.7% |
+---------------------------------------------------------------------------------------------------+-----+-----+
|Filtered: 2304169840 5404826 --> (2090555906, 502249162, 1218249913) --> 1431863847 5404826        |100% |0.2% |
+---------------------------------------------------------------------------------------------------+-----+-----+
|Filtered: 3032992830 18938959 --> (2902831882, 224865747, 2914848039) --> 3045008987 18938959      |100% |0.9% |
+---------------------------------------------------------------------------------------------------+-----+-----+
|Filtered: 3532608514 3688735 --> (3291885426, 744594309, 3534582689) --> 3775305777 3688735        |100% |0.2% |
+---------------------------------------------------------------------------------------------------+-----+-----+
|Pass Through: 3100559 6257165 --> 3100559 6257165                                                  |  x  |0.3% |
+---------------------------------------------------------------------------------------------------+-----+-----+
|Filtered: 3825057760 116304209 --> (3291885426, 744594309, 3534582689) --> 4067755023 116304209    |100% |5.2% |
+---------------------------------------------------------------------------------------------------+-----+-----+
|Filtered: 2410539282 24824138 --> (2090555906, 502249162, 1218249913) --> 1538233289 24824138      |100% |1.1% |
+---------------------------------------------------------------------------------------------------+-----+-----+
|Filtered: 3728873976 11858803 --> (3291885426, 744594309, 3534582689) --> 3971571239 11858803      |100% |0.5% |
+---------------------------------------------------------------------------------------------------+-----+-----+
|Filtered: 2751972229 55262640 --> (2592805068, 227142284, 991107629) --> 1150274790 55262640       |100% |2.5% |
+---------------------------------------------------------------------------------------------------+-----+-----+
|Filtered: 3094639599 18757377 --> (2902831882, 224865747, 2914848039) --> 3106655756 18757377      |100% |0.8% |
+---------------------------------------------------------------------------------------------------+-----+-----+
|Filtered: 4208602645 57127329 --> (4068790015, 201877947, 3139713786) --> 3279526416 57127329      |100% |2.6% |
+---------------------------------------------------------------------------------------------------+-----+-----+
|Filtered: 2306494894 5664125 --> (2090555906, 502249162, 1218249913) --> 1434188901 5664125        |100% |0.3% |
+---------------------------------------------------------------------------------------------------+-----+-----+
|Filtered: 1082517736 86182658 --> (1066906431, 997850887, 1916997152) --> 1932608457 86182658      |100% |3.9% |
+---------------------------------------------------------------------------------------------------+-----+-----+
|Filtered: 1274003519 41045031 --> (1066906431, 997850887, 1916997152) --> 2124094240 41045031      |100% |1.8% |
+---------------------------------------------------------------------------------------------------+-----+-----+
|Filtered: 4096545747 22834844 --> (4068790015, 201877947, 3139713786) --> 3167469518 22834844      |100% |1.0% |
+---------------------------------------------------------------------------------------------------+-----+-----+
|Filtered: 674018472 15877584 --> (606585628, 95279547, 3424476263) --> 3491909107 15877584         |100% |0.7% |
+---------------------------------------------------------------------------------------------------+-----+-----+
|Filtered: 4177370196 18543481 --> (4068790015, 201877947, 3139713786) --> 3248293967 18543481      |100% |0.8% |
+---------------------------------------------------------------------------------------------------+-----+-----+
|Filtered: 3279685390 25900120 --> (3291885426, 744594309, 3534582689) --> 3279685390 12200036      |47.1%|0.5% |
|Filtered: 3279685390 25900120 --> (3291885426, 744594309, 3534582689) --> 3534582689 13700084      |52.9%|0.6% |
+---------------------------------------------------------------------------------------------------+-----+-----+
|Filtered: 4155541210 114629526 --> (4068790015, 201877947, 3139713786) --> 3226464981 114629526    |100% |5.2% |
+---------------------------------------------------------------------------------------------------+-----+-----+
|Filtered: 848969183 189202150 --> (701865175, 365041256, 606585628) --> 753689636 189202150        |100% |8.5% |
+---------------------------------------------------------------------------------------------------+-----+-----+
|Filtered: 617330277 6421609 --> (606585628, 95279547, 3424476263) --> 3435220912 6421609           |100% |0.3% |
+---------------------------------------------------------------------------------------------------+-----+-----+
|Filtered: 2099520586 12225616 --> (2090555906, 502249162, 1218249913) --> 1227214593 12225616      |100% |0.6% |
+---------------------------------------------------------------------------------------------------+-----+-----+
|Filtered: 2839426064 70141312 --> (2902831882, 224865747, 2914848039) --> 2839426064 63405818      |90.4%|2.9% |
|Filtered: 2839426064 70141312 --> (2902831882, 224865747, 2914848039) --> 2914848039 6735494       |9.6% |0.3% |
+---------------------------------------------------------------------------------------------------+-----+-----+
|Filtered: 1515576698 3928274 --> (1066906431, 997850887, 1916997152) --> 2365667419 3928274        |100% |0.2% |
+---------------------------------------------------------------------------------------------------+-----+-----+
|Filtered: 646729740 58812906 --> (701865175, 365041256, 606585628) --> 646729740 55135435          |93.7%|2.5% |
|Filtered: 646729740 58812906 --> (701865175, 365041256, 606585628) --> 606585628 3677471           |6.3% |0.2% |
+---------------------------------------------------------------------------------------------------+-----+-----+
|Filtered: 2642336561 21118672 --> (2592805068, 227142284, 991107629) --> 1040639122 21118672       |100% |1.0% |
+---------------------------------------------------------------------------------------------------+-----+-----+
|Filtered: 3371687162 18407907 --> (3291885426, 744594309, 3534582689) --> 3614384425 18407907      |100% |0.8% |
+---------------------------------------------------------------------------------------------------+-----+-----+
|Filtered: 745069225 18225770 --> (701865175, 365041256, 606585628) --> 649789678 18225770          |100% |0.8% |
+---------------------------------------------------------------------------------------------------+-----+-----+
|Filtered: 1214340981 34959366 --> (1066906431, 997850887, 1916997152) --> 2064431702 34959366      |100% |1.6% |
+---------------------------------------------------------------------------------------------------+-----+-----+
|Filtered: 3994565455 58563627 --> (4036479735, 32310280, 1720499075) --> 3994565455 41914280       |71.6%|1.9% |
|Filtered: 3994565455 58563627 --> (4036479735, 32310280, 1720499075) --> 1720499075 16649347       |28.4%|0.7% |
+---------------------------------------------------------------------------------------------------+-----+-----+
|Filtered: 4070380190 69974785 --> (4068790015, 201877947, 3139713786) --> 3141303961 69974785      |100% |3.1% |
+---------------------------------------------------------------------------------------------------+-----+-----+
|Filtered: 4123103867 3721538 --> (4068790015, 201877947, 3139713786) --> 3194027638 3721538        |100% |0.2% |
+---------------------------------------------------------------------------------------------------+-----+-----+
|Filtered: 3810165181 40750077 --> (3291885426, 744594309, 3534582689) --> 4052862444 40750077      |100% |1.8% |
+---------------------------------------------------------------------------------------------------+-----+-----+
|Filtered: 1355798627 35776521 --> (1066906431, 997850887, 1916997152) --> 2205889348 35776521      |100% |1.6% |
+---------------------------------------------------------------------------------------------------+-----+-----+
|Filtered: 2579777170 83678063 --> (2592805068, 227142284, 991107629) --> 2579777170 13027898       |15.6%|0.6% |
|Filtered: 2579777170 83678063 --> (2592805068, 227142284, 991107629) --> 991107629 70650165        |84.4%|3.2% |
+---------------------------------------------------------------------------------------------------+-----+-----+
|Filtered: 3371687162 36956379 --> (3291885426, 744594309, 3534582689) --> 3614384425 36956379      |100% |1.7% |
+---------------------------------------------------------------------------------------------------+-----+-----+
|Filtered: 2503047029 20165299 --> (2090555906, 502249162, 1218249913) --> 1630741036 20165299      |100% |0.9% |
+---------------------------------------------------------------------------------------------------+-----+-----+
|Filtered: 1805110842 41288921 --> (1066906431, 997850887, 1916997152) --> 2655201563 41288921      |100% |1.9% |
+---------------------------------------------------------------------------------------------------+-----+-----+
|Filtered: 2621416868 9260526 --> (2592805068, 227142284, 991107629) --> 1019719429 9260526         |100% |0.4% |
+---------------------------------------------------------------------------------------------------+-----+-----+
|Filtered: 3051931789 80249307 --> (3127697629, 164187797, 1752809355) --> 3051931789 75765840      |94.4%|3.4% |
|Filtered: 3051931789 80249307 --> (3127697629, 164187797, 1752809355) --> 1752809355 4483467       |5.6% |0.2% |
+---------------------------------------------------------------------------------------------------+-----+-----+

Part 2: 3100559
Part 2(rec): 3100559